Google=http://www.google.com
搜索/=submenu
搜索/Baidu=https://www.baidu.com/
搜索/Duckduckgo=https://duckduckgo.com/
帮助/=submenu
帮助/Angelscript=https://angelscript.hazelight.se
帮助/AutoHotkey=https://wyagd001.github.io/zh-cn/docs/AutoHotkey.htm
帮助/虚幻帮助文档=https://docs.unrealengine.com/zh-CN/index.html
帮助/Tyflow=http://docs.tyflow.com/
常用/=submenu
常用/YouTube=https://www.YouTube.com
常用/Notion=https://www.Notion.so
常用/Teambition项目&待办=https://www.teambition.com/todo
常用/百人计划目录=https://docs.qq.com/doc/DUFlzT3ByV2tHanpT?tdsourcetag=s_pcqq_liaotianjilu&ADUIN=836765757&ADSESSION=1613639335&ADTAG=CLIENT.QQ.5633_.0&ADPUBNO=27069&jumpuin=836765757
常用/百人计划视频=https://space.bilibili.com/7398208/channel/detail?cid=164388
常用/Artstation=https://www.artstation.com
常用/Pinterest=https://www.pinterest.com
影视/=submenu
影视/奈非=https://www.nfmovies.com/
影视/低端=https://ddrk.me/
影视/团长=https://tzfile.com/
-=
Google翻译=https://translate.google.com


